Startpoint: clb_output[3] (input port clocked by clk)
Endpoint: clb_input[4] (output port clocked by clk)
Path Group: clk
Path Type: max

  Delay    Time   Description
---------------------------------------------------------
   0.00    0.00   clock clk (rise edge)
   0.00    0.00   clock network delay (ideal)
   2.00    2.00 ^ input external delay
   0.05    2.05 ^ clb_output[3] (in)
   0.05    2.10 v _5065_/Y (sky130_fd_sc_hd__inv_8)
   0.13    2.23 v psn_inst_psn_buff_10/X (sky130_fd_sc_hd__buf_1)
   0.22    2.45 v _5066_/X (sky130_fd_sc_hd__buf_1)
   0.86    3.31 v _5211_/X (sky130_fd_sc_hd__or4_4)
   0.29    3.60 v _5212_/X (sky130_fd_sc_hd__o21a_4)
   0.09    3.69 ^ _5294_/Y (sky130_fd_sc_hd__inv_8)
   0.19    3.88 v _6105_/Y (sky130_fd_sc_hd__a32oi_4)
   0.22    4.11 ^ _6107_/Y (sky130_fd_sc_hd__o21ai_4)
   0.42    4.53 ^ _6111_/X (sky130_fd_sc_hd__a32o_4)
   0.16    4.69 ^ psn_inst_psn_buff_3/X (sky130_fd_sc_hd__buf_1)
   0.21    4.89 ^ _6112_/X (sky130_fd_sc_hd__buf_1)
   0.23    5.12 ^ psn_inst_psn_buff_0/X (sky130_fd_sc_hd__buf_8)
   0.25    5.37 ^ psn_inst_psn_buff_22/X (sky130_fd_sc_hd__buf_1)
   0.13    5.49 v _6340_/Y (sky130_fd_sc_hd__a21oi_4)
   0.94    6.44 v _6341_/X (sky130_fd_sc_hd__or4_4)
   0.60    7.03 v _6346_/X (sky130_fd_sc_hd__a211o_4)
   0.56    7.60 v _6352_/X (sky130_fd_sc_hd__a211o_4)
   0.56    8.16 v _6357_/X (sky130_fd_sc_hd__a211o_4)
   0.55    8.71 v _6361_/X (sky130_fd_sc_hd__a211o_4)
   0.23    8.95 v _6364_/X (sky130_fd_sc_hd__and2_4)
   0.62    9.57 v _6365_/X (sky130_fd_sc_hd__or3_4)
   0.25    9.82 v _6367_/X (sky130_fd_sc_hd__and2_4)
   0.66   10.48 v _6368_/X (sky130_fd_sc_hd__or3_4)
   0.10   10.58 ^ _6370_/Y (sky130_fd_sc_hd__nand2_4)
   0.25   10.82 ^ _6372_/X (sky130_fd_sc_hd__and2_4)
   0.20   11.03 ^ _6373_/X (sky130_fd_sc_hd__or2_4)
   0.09   11.12 v _6374_/Y (sky130_fd_sc_hd__o21ai_4)
   0.26   11.38 v _6375_/X (sky130_fd_sc_hd__and2_4)
   0.41   11.79 v _6377_/X (sky130_fd_sc_hd__or2_4)
   0.26   12.04 v _6378_/X (sky130_fd_sc_hd__and2_4)
   0.23   12.27 ^ _6380_/Y (sky130_fd_sc_hd__nor2_4)
   0.01   12.28 ^ clb_input[4] (out)
          12.28   data arrival time

  10.00   10.00   clock clk (rise edge)
   0.00   10.00   clock network delay (ideal)
   0.00   10.00   clock reconvergence pessimism
  -2.00    8.00   output external delay
           8.00   data required time
---------------------------------------------------------
           8.00   data required time
         -12.28   data arrival time
---------------------------------------------------------
          -4.28   slack (VIOLATED)


