OpenROAD 0.9.0 e582f2522b
This program is licensed under the BSD-3 license. See the LICENSE file for details. 
Components of this program may be licensed under more restrictive licenses which must be honored.
Notice 0: Reading LEF file:  /openLANE_flow/designs/clb_tile/runs/16-11_06-11/tmp/merged_unpadded.lef
Notice 0:     Created 11 technology layers
Notice 0:     Created 25 technology vias
Notice 0:     Created 437 library cells
Notice 0: Finished LEF file:  /openLANE_flow/designs/clb_tile/runs/16-11_06-11/tmp/merged_unpadded.lef
Notice 0: 
Reading DEF file: /openLANE_flow/designs/clb_tile/runs/16-11_06-11/results/cts/clb_tile.cts.def
Notice 0: Design: clb_tile
Notice 0:     Created 638 pins.
Notice 0:     Created 6923 components and 27706 component-terminals.
Notice 0:     Created 4749 nets and 13800 connections.
Notice 0: Finished DEF file: /openLANE_flow/designs/clb_tile/runs/16-11_06-11/results/cts/clb_tile.cts.def
[INFO] [PDNG-0016] Power Delivery Network Generator: Generating PDN
[INFO] [PDNG-0016]   config: /home/miyasaka/pdk/sky130A/libs.tech/openlane/common_pdn.tcl
[INFO] [PDNG-0008] Design Name is clb_tile
[INFO] [PDNG-0009] Reading technology data
[INFO] [PDNG-0011] ****** INFO ******
Type: stdcell, grid
    Stdcell Rails
      Layer: met1 -  width: 0.480  pitch: 2.720  offset: 0.000 
    Straps
      Layer: met4 -  width: 1.600  pitch: 153.600  offset: 16.320 
      Layer: met5 -  width: 1.600  pitch: 153.180  offset: 16.650 
    Connect: {met1 met4} {met4 met5}
Type: macro, macro_1
    Macro orientation: R0 R180 MX MY R90 R270 MXR90 MYR90
    Straps
    Connect:  
[INFO] [PDNG-0012] **** END INFO ****
[INFO] [PDNG-0013] Inserting stdcell grid - grid
[INFO] [PDNG-0015] Writing to database
