OpenROAD 0.9.0 e582f2522b
This program is licensed under the BSD-3 license. See the LICENSE file for details. 
Components of this program may be licensed under more restrictive licenses which must be honored.
Notice 0: Reading LEF file:  /openLANE_flow/designs/clb_tile/runs/16-11_06-11/tmp/merged_unpadded.lef
Notice 0:     Created 11 technology layers
Notice 0:     Created 25 technology vias
Notice 0:     Created 437 library cells
Notice 0: Finished LEF file:  /openLANE_flow/designs/clb_tile/runs/16-11_06-11/tmp/merged_unpadded.lef
Notice 0: 
Reading DEF file: /openLANE_flow/designs/clb_tile/runs/16-11_06-11/results/routing/clb_tile.def
Notice 0: Design: clb_tile
Notice 0:     Created 640 pins.
Notice 0:     Created 19248 components and 52372 component-terminals.
Notice 0:     Created 2 special nets and 0 connections.
Notice 0:     Created 4749 nets and 13816 connections.
Notice 0: Finished DEF file: /openLANE_flow/designs/clb_tile/runs/16-11_06-11/results/routing/clb_tile.def
Notice 0: Split top of 1352 T shapes.
Number of pins violated: 0
Number of nets violated: 0
Total number of nets: 4749
